<?xml version="1.0" encoding="UTF-8"?>
<testng-results skipped="0" failed="0" ignored="0" total="2" passed="2">
  <reporter-output>
  </reporter-output>
  <suite name="Suite" duration-ms="83466" started-at="2017-10-05T06:52:18Z" finished-at="2017-10-05T06:53:42Z">
    <groups>
    </groups>
    <test name="Test" duration-ms="83466" started-at="2017-10-05T06:52:18Z" finished-at="2017-10-05T06:53:42Z">
      <class name="axisweb.massive.login.TC001_VerifyLoginWith_InvalidCredentials">
        <test-method status="PASS" signature="setup()[pri:0, instance:axisweb.massive.login.TC001_VerifyLoginWith_InvalidCredentials@553f17c]" name="setup" is-config="true" duration-ms="14328" started-at="2017-10-05T17:52:18Z" finished-at="2017-10-05T17:52:33Z">
          <reporter-output>
          </reporter-output>
        </test-method> <!-- setup -->
        <test-method status="PASS" signature="setup()[pri:0, instance:axisweb.massive.login.TC002_VerifyLoginWith_ValidCredentials@4f7d0008]" name="setup" is-config="true" duration-ms="57478" started-at="2017-10-05T17:52:33Z" finished-at="2017-10-05T17:53:30Z">
          <reporter-output>
          </reporter-output>
        </test-method> <!-- setup -->
        <test-method status="PASS" signature="verifyLoginWithInvalidCredentials()[pri:20, instance:axisweb.massive.login.TC001_VerifyLoginWith_InvalidCredentials@553f17c]" name="verifyLoginWithInvalidCredentials" duration-ms="1006" started-at="2017-10-05T17:53:39Z" finished-at="2017-10-05T17:53:40Z">
          <reporter-output>
          </reporter-output>
        </test-method> <!-- verifyLoginWithInvalidCredentials -->
        <test-method status="PASS" signature="endTest()[pri:0, instance:axisweb.massive.login.TC001_VerifyLoginWith_InvalidCredentials@553f17c]" name="endTest" is-config="true" duration-ms="215" started-at="2017-10-05T17:53:41Z" finished-at="2017-10-05T17:53:42Z">
          <reporter-output>
          </reporter-output>
        </test-method> <!-- endTest -->
      </class> <!-- axisweb.massive.login.TC001_VerifyLoginWith_InvalidCredentials -->
      <class name="axisweb.massive.login.TC002_VerifyLoginWith_ValidCredentials">
        <test-method status="PASS" signature="verifyLoginWith_ValidCredentials()[pri:0, instance:axisweb.massive.login.TC002_VerifyLoginWith_ValidCredentials@4f7d0008]" name="verifyLoginWith_ValidCredentials" duration-ms="1617" started-at="2017-10-05T17:53:30Z" finished-at="2017-10-05T17:53:32Z">
          <reporter-output>
          </reporter-output>
        </test-method> <!-- verifyLoginWith_ValidCredentials -->
        <test-method status="PASS" signature="endTest()[pri:0, instance:axisweb.massive.login.TC002_VerifyLoginWith_ValidCredentials@4f7d0008]" name="endTest" is-config="true" duration-ms="5265" started-at="2017-10-05T17:53:34Z" finished-at="2017-10-05T17:53:39Z">
          <reporter-output>
          </reporter-output>
        </test-method> <!-- endTest -->
      </class> <!-- axisweb.massive.login.TC002_VerifyLoginWith_ValidCredentials -->
    </test> <!-- Test -->
  </suite> <!-- Suite -->
</testng-results>
