<?xml version="1.0" encoding="UTF-8"?>
<!-- Generated by org.testng.reporters.JUnitXMLReporter -->
<testsuite hostname="mbp-Abhijeet.local" ignored="0" name="Default test" tests="2" failures="0" timestamp="04 Oct 2017 05:59:58 GMT" time="7.959" errors="0">
  <testcase name="testAPI" time="1.75" classname="axisweb.massive.login.TC001_VerifyLoginWith_InvalidCredentials"/>
  <testcase name="verifyLoginWithInvalidCredentials" time="0.619" classname="axisweb.massive.login.TC001_VerifyLoginWith_InvalidCredentials"/>
</testsuite> <!-- Default test -->
