<?xml version="1.0" encoding="UTF-8"?>
<!-- Generated by org.testng.reporters.JUnitXMLReporter -->
<testsuite hostname="mbp-Abhijeet.local" ignored="0" name="Default test" tests="2" failures="0" timestamp="04 Oct 2017 03:55:55 GMT" time="7.932" errors="0">
  <testcase name="testAPI" time="1.372" classname="axisweb.massive.login.TC001_VerifyLoginWith_InvalidCredentials"/>
  <testcase name="verifyLoginWithInvalidCredentials" time="0.608" classname="axisweb.massive.login.TC001_VerifyLoginWith_InvalidCredentials"/>
</testsuite> <!-- Default test -->
