<?xml version="1.0" encoding="UTF-8"?>
<!-- Generated by org.testng.reporters.JUnitXMLReporter -->
<testsuite hostname="mbp-Abhijeet.local" ignored="0" name="Test" tests="2" failures="0" timestamp="04 Oct 2017 03:33:43 GMT" time="18.432" errors="0">
  <testcase name="verifyLoginWithInvalidCredentials" time="0.699" classname="axisweb.massive.login.TC001_VerifyLoginWith_InvalidCredentials"/>
  <testcase name="verifyLoginWith_ValidCredentials" time="1.016" classname="axisweb.massive.login.TC002_VerifyLoginWith_ValidCredentials"/>
</testsuite> <!-- Test -->
