<?xml version="1.0" encoding="UTF-8"?>
<!-- Generated by org.testng.reporters.JUnitXMLReporter -->
<testsuite hostname="mbp-Abhijeet.local" ignored="2" name="Test" tests="3" failures="1" timestamp="05 Oct 2017 03:03:34 GMT" time="2.889" errors="0">
  <testcase name="failTest" time="0.02" classname="testrailtests.TestRailTests">
    <failure type="java.lang.AssertionError" message="expected [true] but found [false]">
      <![CDATA[java.lang.AssertionError: expected [true] but found [false]
	at testrailtests.TestRailTests.failTest(TestRailTests.java:32)
... Removed 29 stack frames]]>
    </failure>
  </testcase> <!-- failTest -->
  <testcase name="testAPI" time="0.443" classname="testrailtests.TestRailTests"/>
  <testcase name="passTest" time="0.002" classname="testrailtests.TestRailTests"/>
  <testcase name="failMultipleTests" time="0.0" classname="testrailtests.TestRailTests">
    <ignored/>
  </testcase> <!-- failMultipleTests -->
  <testcase name="dontPostToTestRail" time="0.0" classname="testrailtests.TestRailTests">
    <ignored/>
  </testcase> <!-- dontPostToTestRail -->
</testsuite> <!-- Test -->
